[ 2025-03-10 00:11:16,133 ] 1025 httpx - INFO - HTTP Request: GET https://dagshub.com/api/v1/user "HTTP/1.1 200 OK"
[ 2025-03-10 00:11:16,137 ] 107 dagshub - INFO - Accessing as Sabarna-dotcom
[ 2025-03-10 00:11:16,910 ] 1025 httpx - INFO - HTTP Request: GET https://dagshub.com/api/v1/repos/Sabarna-dotcom/Network_Security "HTTP/1.1 200 OK"
[ 2025-03-10 00:11:17,586 ] 1025 httpx - INFO - HTTP Request: GET https://dagshub.com/api/v1/user "HTTP/1.1 200 OK"
[ 2025-03-10 00:11:17,587 ] 107 dagshub - INFO - Initialized MLflow to track repo "Sabarna-dotcom/Network_Security"
[ 2025-03-10 00:11:17,588 ] 107 dagshub - INFO - Repository Sabarna-dotcom/Network_Security initialized!
[ 2025-03-10 00:11:34,747 ] 41 root - INFO - Start data Ingestion
[ 2025-03-10 00:11:43,926 ] 65 root - INFO - Performed train test split on the dataframe
[ 2025-03-10 00:11:43,927 ] 67 root - INFO - Exited split_data_as_train_test method of Data_Ingestion class
[ 2025-03-10 00:11:43,927 ] 75 root - INFO - Exporting train and test file path.
[ 2025-03-10 00:11:43,993 ] 84 root - INFO - Exported train and test file path.
[ 2025-03-10 00:11:43,994 ] 44 root - INFO - Data Ingestion completed and artifact: DataIngestionArtifact(trained_file_path='Artifacts\\03_10_2025_00_11_13\\data_ingestion\\ingested\\train.csv', test_file_path='Artifacts\\03_10_2025_00_11_13\\data_ingestion\\ingested\\test.csv')
[ 2025-03-10 00:11:44,005 ] 54 root - INFO - Initiate the data Validation
[ 2025-03-10 00:11:44,041 ] 33 root - INFO - Required number of columns:2
[ 2025-03-10 00:11:44,042 ] 34 root - INFO - Data frame has columns:31
[ 2025-03-10 00:11:44,042 ] 33 root - INFO - Required number of columns:2
[ 2025-03-10 00:11:44,042 ] 34 root - INFO - Data frame has columns:31
[ 2025-03-10 00:11:44,311 ] 64 root - INFO - Entered initiate_data_transformation method of DataTransformation class
[ 2025-03-10 00:11:44,311 ] 66 root - INFO - Starting data transformation
[ 2025-03-10 00:11:44,341 ] 49 root - INFO - Entered get_data_trnasformer_object method of Trnasformation class
[ 2025-03-10 00:11:44,341 ] 54 root - INFO - Initialise KNNImputer with {'missing_values': nan, 'n_neighbors': 3, 'weights': 'uniform'}
[ 2025-03-10 00:11:44,358 ] 46 root - INFO - Entered the save_object method of MainUtils class
[ 2025-03-10 00:11:44,361 ] 50 root - INFO - Exited the save_object method of MainUtils class
[ 2025-03-10 00:11:44,361 ] 46 root - INFO - Entered the save_object method of MainUtils class
[ 2025-03-10 00:11:44,364 ] 50 root - INFO - Exited the save_object method of MainUtils class
[ 2025-03-10 00:14:45,243 ] 46 root - INFO - Entered the save_object method of MainUtils class
[ 2025-03-10 00:14:45,243 ] 50 root - INFO - Exited the save_object method of MainUtils class
[ 2025-03-10 00:14:45,243 ] 46 root - INFO - Entered the save_object method of MainUtils class
[ 2025-03-10 00:14:45,258 ] 50 root - INFO - Exited the save_object method of MainUtils class
[ 2025-03-10 00:14:45,259 ] 149 root - INFO - Model trainer artifact: ModelTrainerArtifact(trained_model_file_path='Artifacts\\03_10_2025_00_11_13\\model_trainer\\trained_model\\model.pkl', train_metric_artifact=ClassificationMetricArtifact(f1_score=0.9911129064835387, precision_score=0.9867283329981902, recall_score=0.9955366200040576), test_metric_artifact=ClassificationMetricArtifact(f1_score=0.9778315195485692, precision_score=0.9680766161213089, recall_score=0.987785016286645))
