[ 2025-03-08 21:13:53,453 ] 1025 httpx - INFO - HTTP Request: GET https://dagshub.com/api/v1/user "HTTP/1.1 200 OK"
[ 2025-03-08 21:13:53,467 ] 107 dagshub - INFO - Accessing as Sabarna-dotcom
[ 2025-03-08 21:13:54,257 ] 1025 httpx - INFO - HTTP Request: GET https://dagshub.com/api/v1/repos/Sabarna-dotcom/Network_Security "HTTP/1.1 200 OK"
[ 2025-03-08 21:13:55,045 ] 1025 httpx - INFO - HTTP Request: GET https://dagshub.com/api/v1/user "HTTP/1.1 200 OK"
[ 2025-03-08 21:13:55,045 ] 107 dagshub - INFO - Initialized MLflow to track repo "Sabarna-dotcom/Network_Security"
[ 2025-03-08 21:13:55,045 ] 107 dagshub - INFO - Repository Sabarna-dotcom/Network_Security initialized!
[ 2025-03-08 21:13:55,060 ] 17 root - INFO - Initiate the data ingestion
[ 2025-03-08 21:14:02,680 ] 65 root - INFO - Performed train test split on the dataframe
[ 2025-03-08 21:14:02,680 ] 67 root - INFO - Exited split_data_as_train_test method of Data_Ingestion class
[ 2025-03-08 21:14:02,680 ] 75 root - INFO - Exporting train and test file path.
[ 2025-03-08 21:14:02,714 ] 84 root - INFO - Exported train and test file path.
[ 2025-03-08 21:14:02,714 ] 19 root - INFO - Data initiation completed
[ 2025-03-08 21:14:02,714 ] 21 root - INFO - Initiate the data validation
[ 2025-03-08 21:14:02,735 ] 33 root - INFO - Required number of columns:2
[ 2025-03-08 21:14:02,735 ] 34 root - INFO - Data frame has columns:31
[ 2025-03-08 21:14:02,735 ] 33 root - INFO - Required number of columns:2
[ 2025-03-08 21:14:02,735 ] 34 root - INFO - Data frame has columns:31
[ 2025-03-08 21:14:02,835 ] 25 root - INFO - Data validation completed
[ 2025-03-08 21:14:02,835 ] 28 root - INFO - Data transformation started
[ 2025-03-08 21:14:02,835 ] 64 root - INFO - Entered initiate_data_transformation method of DataTransformation class
[ 2025-03-08 21:14:02,835 ] 66 root - INFO - Starting data transformation
[ 2025-03-08 21:14:02,839 ] 49 root - INFO - Entered get_data_trnasformer_object method of Trnasformation class
[ 2025-03-08 21:14:02,839 ] 54 root - INFO - Initialise KNNImputer with {'missing_values': nan, 'n_neighbors': 3, 'weights': 'uniform'}
[ 2025-03-08 21:14:02,861 ] 46 root - INFO - Entered the save_object method of MainUtils class
[ 2025-03-08 21:14:02,864 ] 50 root - INFO - Exited the save_object method of MainUtils class
[ 2025-03-08 21:14:02,864 ] 46 root - INFO - Entered the save_object method of MainUtils class
[ 2025-03-08 21:14:02,866 ] 50 root - INFO - Exited the save_object method of MainUtils class
[ 2025-03-08 21:14:02,866 ] 32 root - INFO - Data transformation completed
[ 2025-03-08 21:14:02,866 ] 33 root - INFO - Model training stared
[ 2025-03-08 21:17:10,452 ] 46 root - INFO - Entered the save_object method of MainUtils class
[ 2025-03-08 21:17:10,453 ] 50 root - INFO - Exited the save_object method of MainUtils class
[ 2025-03-08 21:17:10,453 ] 46 root - INFO - Entered the save_object method of MainUtils class
[ 2025-03-08 21:17:10,483 ] 50 root - INFO - Exited the save_object method of MainUtils class
[ 2025-03-08 21:17:10,483 ] 149 root - INFO - Model trainer artifact: ModelTrainerArtifact(trained_model_file_path='Artifacts\\03_08_2025_21_13_50\\model_trainer\\trained_model\\model.pkl', train_metric_artifact=ClassificationMetricArtifact(f1_score=0.9916818827348346, precision_score=0.9894736842105263, recall_score=0.9938999593330622), test_metric_artifact=ClassificationMetricArtifact(f1_score=0.9703287890938251, precision_score=0.9641434262948207, recall_score=0.976594027441485))
[ 2025-03-08 21:17:10,487 ] 37 root - INFO - Model training artifact created
