[ 2025-03-10 00:24:51,606 ] 1025 httpx - INFO - HTTP Request: GET https://dagshub.com/api/v1/user "HTTP/1.1 200 OK"
[ 2025-03-10 00:24:51,615 ] 107 dagshub - INFO - Accessing as Sabarna-dotcom
[ 2025-03-10 00:24:52,319 ] 1025 httpx - INFO - HTTP Request: GET https://dagshub.com/api/v1/repos/Sabarna-dotcom/Network_Security "HTTP/1.1 200 OK"
[ 2025-03-10 00:24:52,994 ] 1025 httpx - INFO - HTTP Request: GET https://dagshub.com/api/v1/user "HTTP/1.1 200 OK"
[ 2025-03-10 00:24:52,997 ] 107 dagshub - INFO - Initialized MLflow to track repo "Sabarna-dotcom/Network_Security"
[ 2025-03-10 00:24:52,998 ] 107 dagshub - INFO - Repository Sabarna-dotcom/Network_Security initialized!
[ 2025-03-10 00:33:58,737 ] 46 root - INFO - Start data Ingestion
[ 2025-03-10 00:34:10,753 ] 65 root - INFO - Performed train test split on the dataframe
[ 2025-03-10 00:34:10,754 ] 67 root - INFO - Exited split_data_as_train_test method of Data_Ingestion class
[ 2025-03-10 00:34:10,756 ] 75 root - INFO - Exporting train and test file path.
[ 2025-03-10 00:34:11,460 ] 84 root - INFO - Exported train and test file path.
[ 2025-03-10 00:34:11,462 ] 49 root - INFO - Data Ingestion completed and artifact: DataIngestionArtifact(trained_file_path='Artifacts\\03_10_2025_00_24_48\\data_ingestion\\ingested\\train.csv', test_file_path='Artifacts\\03_10_2025_00_24_48\\data_ingestion\\ingested\\test.csv')
[ 2025-03-10 00:34:11,493 ] 59 root - INFO - Initiate the data Validation
[ 2025-03-10 00:34:11,672 ] 33 root - INFO - Required number of columns:2
[ 2025-03-10 00:34:11,673 ] 34 root - INFO - Data frame has columns:31
[ 2025-03-10 00:34:11,673 ] 33 root - INFO - Required number of columns:2
[ 2025-03-10 00:34:11,673 ] 34 root - INFO - Data frame has columns:31
[ 2025-03-10 00:34:12,828 ] 64 root - INFO - Entered initiate_data_transformation method of DataTransformation class
[ 2025-03-10 00:34:12,829 ] 66 root - INFO - Starting data transformation
[ 2025-03-10 00:34:13,070 ] 49 root - INFO - Entered get_data_trnasformer_object method of Trnasformation class
[ 2025-03-10 00:34:13,074 ] 54 root - INFO - Initialise KNNImputer with {'missing_values': nan, 'n_neighbors': 3, 'weights': 'uniform'}
[ 2025-03-10 00:34:13,145 ] 46 root - INFO - Entered the save_object method of MainUtils class
[ 2025-03-10 00:34:13,158 ] 50 root - INFO - Exited the save_object method of MainUtils class
[ 2025-03-10 00:34:13,161 ] 46 root - INFO - Entered the save_object method of MainUtils class
[ 2025-03-10 00:34:13,171 ] 50 root - INFO - Exited the save_object method of MainUtils class
[ 2025-03-10 00:44:24,408 ] 46 root - INFO - Entered the save_object method of MainUtils class
[ 2025-03-10 00:44:24,429 ] 50 root - INFO - Exited the save_object method of MainUtils class
[ 2025-03-10 00:44:24,430 ] 46 root - INFO - Entered the save_object method of MainUtils class
[ 2025-03-10 00:44:24,844 ] 50 root - INFO - Exited the save_object method of MainUtils class
[ 2025-03-10 00:44:24,844 ] 149 root - INFO - Model trainer artifact: ModelTrainerArtifact(trained_model_file_path='Artifacts\\03_10_2025_00_24_48\\model_trainer\\trained_model\\model.pkl', train_metric_artifact=ClassificationMetricArtifact(f1_score=0.9914236706689536, precision_score=0.9883323274994971, recall_score=0.9945344129554656), test_metric_artifact=ClassificationMetricArtifact(f1_score=0.9767820773930753, precision_score=0.968497576736672, recall_score=0.9852095316351684))
